<?xml version="1.0" encoding="UTF-8"?>
<!-- Generated by org.testng.reporters.JUnitXMLReporter -->
<testsuite ignored="0" hostname="Swarup-PC" failures="0" tests="34" name="Default test" time="156.964" errors="0" timestamp="2021-01-23T20:39:31 CST">
  <testcase classname="com.dollardays.testcases.BaseTest" name="@BeforeMethod setUpBrowser" time="0.008">
    <failure type="java.lang.Exception" message="Driver Not Found">
      <![CDATA[java.lang.Exception: Driver Not Found
at com.dollardays.testcases.BaseTest.openBrowser(BaseTest.java:95)
at com.dollardays.testcases.BaseTest.setUpBrowser(BaseTest.java:117)
at java.base/jdk.internal.reflect.NativeMethodAccessorImpl.invoke0(Native Method)
at java.base/jdk.internal.reflect.NativeMethodAccessorImpl.invoke(NativeMethodAccessorImpl.java:62)
at java.base/jdk.internal.reflect.DelegatingMethodAccessorImpl.invoke(DelegatingMethodAccessorImpl.java:43)
at java.base/java.lang.reflect.Method.invoke(Method.java:564)
at org.testng.internal.MethodInvocationHelper.invokeMethod(MethodInvocationHelper.java:132)
at org.testng.internal.MethodInvocationHelper.invokeMethodConsideringTimeout(MethodInvocationHelper.java:61)
at org.testng.internal.ConfigInvoker.invokeConfigurationMethod(ConfigInvoker.java:366)
at org.testng.internal.ConfigInvoker.invokeConfigurations(ConfigInvoker.java:320)
at org.testng.internal.TestInvoker.runConfigMethods(TestInvoker.java:701)
at org.testng.internal.TestInvoker.invokeMethod(TestInvoker.java:527)
at org.testng.internal.TestInvoker.invokeTestMethod(TestInvoker.java:174)
at org.testng.internal.MethodRunner.runInSequence(MethodRunner.java:46)
at org.testng.internal.TestInvoker$MethodInvocationAgent.invoke(TestInvoker.java:822)
at org.testng.internal.TestInvoker.invokeTestMethods(TestInvoker.java:147)
at org.testng.internal.TestMethodWorker.invokeTestMethods(TestMethodWorker.java:146)
at org.testng.internal.TestMethodWorker.run(TestMethodWorker.java:128)
at java.base/java.util.ArrayList.forEach(ArrayList.java:1511)
at org.testng.TestRunner.privateRun(TestRunner.java:764)
at org.testng.TestRunner.run(TestRunner.java:585)
at org.testng.SuiteRunner.runTest(SuiteRunner.java:384)
at org.testng.SuiteRunner.runSequentially(SuiteRunner.java:378)
at org.testng.SuiteRunner.privateRun(SuiteRunner.java:337)
at org.testng.SuiteRunner.run(SuiteRunner.java:286)
at org.testng.SuiteRunnerWorker.runSuite(SuiteRunnerWorker.java:53)
at org.testng.SuiteRunnerWorker.run(SuiteRunnerWorker.java:96)
at org.testng.TestNG.runSuitesSequentially(TestNG.java:1218)
at org.testng.TestNG.runSuitesLocally(TestNG.java:1140)
at org.testng.TestNG.runSuites(TestNG.java:1069)
at org.testng.TestNG.run(TestNG.java:1037)
at org.testng.remote.AbstractRemoteTestNG.run(AbstractRemoteTestNG.java:115)
at org.testng.remote.RemoteTestNG.initAndRun(RemoteTestNG.java:251)
at org.testng.remote.RemoteTestNG.main(RemoteTestNG.java:77)
]]>
    </failure>
  </testcase> <!-- @BeforeMethod setUpBrowser -->
  <testcase classname="com.dollardays.testcases.BaseTest" name="@AfterMethod quit" time="-1.611455837139E9">
    <skipped/>
  </testcase> <!-- @AfterMethod quit -->
  <testcase classname="com.dollardays.testcases.BaseTest" name="@BeforeMethod setUpBrowser" time="-1.611455837958E9">
    <skipped/>
  </testcase> <!-- @BeforeMethod setUpBrowser -->
  <testcase classname="com.dollardays.testcases.BaseTest" name="@AfterMethod quit" time="-1.611455837965E9">
    <skipped/>
  </testcase> <!-- @AfterMethod quit -->
  <testcase classname="com.dollardays.testcases.BaseTest" name="@BeforeMethod setUpBrowser" time="-1.611455838264E9">
    <skipped/>
  </testcase> <!-- @BeforeMethod setUpBrowser -->
  <testcase classname="com.dollardays.testcases.BaseTest" name="@AfterMethod quit" time="-1.611455838271E9">
    <skipped/>
  </testcase> <!-- @AfterMethod quit -->
  <testcase classname="com.dollardays.testcases.BaseTest" name="@BeforeMethod setUpBrowser" time="-1.611455838573E9">
    <skipped/>
  </testcase> <!-- @BeforeMethod setUpBrowser -->
  <testcase classname="com.dollardays.testcases.BaseTest" name="@AfterMethod quit" time="-1.611455838605E9">
    <skipped/>
  </testcase> <!-- @AfterMethod quit -->
  <testcase classname="com.dollardays.testcases.BaseTest" name="@BeforeMethod setUpBrowser" time="-1.611455838851E9">
    <skipped/>
  </testcase> <!-- @BeforeMethod setUpBrowser -->
  <testcase classname="com.dollardays.testcases.BaseTest" name="@AfterMethod quit" time="-1.611455838865E9">
    <skipped/>
  </testcase> <!-- @AfterMethod quit -->
  <testcase classname="com.dollardays.testcases.BaseTest" name="@BeforeMethod setUpBrowser" time="-1.611455839191E9">
    <skipped/>
  </testcase> <!-- @BeforeMethod setUpBrowser -->
  <testcase classname="com.dollardays.testcases.BaseTest" name="@AfterMethod quit" time="-1.611455839196E9">
    <skipped/>
  </testcase> <!-- @AfterMethod quit -->
  <testcase classname="com.dollardays.testcases.MT" name="@AfterClass afterClass" time="-1.611455839199E9">
    <skipped/>
  </testcase> <!-- @AfterClass afterClass -->
  <testcase classname="com.dollardays.testcases.BaseTest" name="@BeforeMethod setUpBrowser" time="0.004">
    <failure type="java.lang.Exception" message="Driver Not Found">
      <![CDATA[java.lang.Exception: Driver Not Found
at com.dollardays.testcases.BaseTest.openBrowser(BaseTest.java:95)
at com.dollardays.testcases.BaseTest.setUpBrowser(BaseTest.java:117)
at java.base/jdk.internal.reflect.NativeMethodAccessorImpl.invoke0(Native Method)
at java.base/jdk.internal.reflect.NativeMethodAccessorImpl.invoke(NativeMethodAccessorImpl.java:62)
at java.base/jdk.internal.reflect.DelegatingMethodAccessorImpl.invoke(DelegatingMethodAccessorImpl.java:43)
at java.base/java.lang.reflect.Method.invoke(Method.java:564)
at org.testng.internal.MethodInvocationHelper.invokeMethod(MethodInvocationHelper.java:132)
at org.testng.internal.MethodInvocationHelper.invokeMethodConsideringTimeout(MethodInvocationHelper.java:61)
at org.testng.internal.ConfigInvoker.invokeConfigurationMethod(ConfigInvoker.java:366)
at org.testng.internal.ConfigInvoker.invokeConfigurations(ConfigInvoker.java:320)
at org.testng.internal.TestInvoker.runConfigMethods(TestInvoker.java:701)
at org.testng.internal.TestInvoker.invokeMethod(TestInvoker.java:527)
at org.testng.internal.TestInvoker.invokeTestMethod(TestInvoker.java:174)
at org.testng.internal.MethodRunner.runInSequence(MethodRunner.java:46)
at org.testng.internal.TestInvoker$MethodInvocationAgent.invoke(TestInvoker.java:822)
at org.testng.internal.TestInvoker.invokeTestMethods(TestInvoker.java:147)
at org.testng.internal.TestMethodWorker.invokeTestMethods(TestMethodWorker.java:146)
at org.testng.internal.TestMethodWorker.run(TestMethodWorker.java:128)
at java.base/java.util.ArrayList.forEach(ArrayList.java:1511)
at org.testng.TestRunner.privateRun(TestRunner.java:764)
at org.testng.TestRunner.run(TestRunner.java:585)
at org.testng.SuiteRunner.runTest(SuiteRunner.java:384)
at org.testng.SuiteRunner.runSequentially(SuiteRunner.java:378)
at org.testng.SuiteRunner.privateRun(SuiteRunner.java:337)
at org.testng.SuiteRunner.run(SuiteRunner.java:286)
at org.testng.SuiteRunnerWorker.runSuite(SuiteRunnerWorker.java:53)
at org.testng.SuiteRunnerWorker.run(SuiteRunnerWorker.java:96)
at org.testng.TestNG.runSuitesSequentially(TestNG.java:1218)
at org.testng.TestNG.runSuitesLocally(TestNG.java:1140)
at org.testng.TestNG.runSuites(TestNG.java:1069)
at org.testng.TestNG.run(TestNG.java:1037)
at org.testng.remote.AbstractRemoteTestNG.run(AbstractRemoteTestNG.java:115)
at org.testng.remote.RemoteTestNG.initAndRun(RemoteTestNG.java:251)
at org.testng.remote.RemoteTestNG.main(RemoteTestNG.java:77)
]]>
    </failure>
  </testcase> <!-- @BeforeMethod setUpBrowser -->
  <testcase classname="com.dollardays.testcases.BaseTest" name="@AfterMethod quit" time="-1.611455851171E9">
    <skipped/>
  </testcase> <!-- @AfterMethod quit -->
  <testcase classname="com.dollardays.testcases.BaseTest" name="@BeforeMethod setUpBrowser" time="-1.61145585136E9">
    <skipped/>
  </testcase> <!-- @BeforeMethod setUpBrowser -->
  <testcase classname="com.dollardays.testcases.BaseTest" name="@AfterMethod quit" time="-1.611455851373E9">
    <skipped/>
  </testcase> <!-- @AfterMethod quit -->
  <testcase classname="com.dollardays.testcases.BaseTest" name="@BeforeMethod setUpBrowser" time="-1.611455851584E9">
    <skipped/>
  </testcase> <!-- @BeforeMethod setUpBrowser -->
  <testcase classname="com.dollardays.testcases.BaseTest" name="@AfterMethod quit" time="-1.611455851587E9">
    <skipped/>
  </testcase> <!-- @AfterMethod quit -->
  <testcase classname="com.dollardays.testcases.BaseTest" name="@BeforeMethod setUpBrowser" time="-1.611455851793E9">
    <skipped/>
  </testcase> <!-- @BeforeMethod setUpBrowser -->
  <testcase classname="com.dollardays.testcases.BaseTest" name="@AfterMethod quit" time="-1.611455851799E9">
    <skipped/>
  </testcase> <!-- @AfterMethod quit -->
  <testcase classname="com.dollardays.testcases.BaseTest" name="@BeforeMethod setUpBrowser" time="-1.611455852002E9">
    <skipped/>
  </testcase> <!-- @BeforeMethod setUpBrowser -->
  <testcase classname="com.dollardays.testcases.BaseTest" name="@AfterMethod quit" time="-1.611455852005E9">
    <skipped/>
  </testcase> <!-- @AfterMethod quit -->
  <testcase classname="com.dollardays.testcases.MT" name="@AfterClass afterClass" time="-1.611455852008E9">
    <skipped/>
  </testcase> <!-- @AfterClass afterClass -->
  <testcase classname="com.dollardays.testcases.BaseTest" name="@BeforeMethod setUpBrowser" time="0.011">
    <failure type="java.lang.Exception" message="Driver Not Found">
      <![CDATA[java.lang.Exception: Driver Not Found
at com.dollardays.testcases.BaseTest.openBrowser(BaseTest.java:95)
at com.dollardays.testcases.BaseTest.setUpBrowser(BaseTest.java:117)
at java.base/jdk.internal.reflect.NativeMethodAccessorImpl.invoke0(Native Method)
at java.base/jdk.internal.reflect.NativeMethodAccessorImpl.invoke(NativeMethodAccessorImpl.java:62)
at java.base/jdk.internal.reflect.DelegatingMethodAccessorImpl.invoke(DelegatingMethodAccessorImpl.java:43)
at java.base/java.lang.reflect.Method.invoke(Method.java:564)
at org.testng.internal.MethodInvocationHelper.invokeMethod(MethodInvocationHelper.java:132)
at org.testng.internal.MethodInvocationHelper.invokeMethodConsideringTimeout(MethodInvocationHelper.java:61)
at org.testng.internal.ConfigInvoker.invokeConfigurationMethod(ConfigInvoker.java:366)
at org.testng.internal.ConfigInvoker.invokeConfigurations(ConfigInvoker.java:320)
at org.testng.internal.TestInvoker.runConfigMethods(TestInvoker.java:701)
at org.testng.internal.TestInvoker.invokeMethod(TestInvoker.java:527)
at org.testng.internal.TestInvoker.invokeTestMethod(TestInvoker.java:174)
at org.testng.internal.MethodRunner.runInSequence(MethodRunner.java:46)
at org.testng.internal.TestInvoker$MethodInvocationAgent.invoke(TestInvoker.java:822)
at org.testng.internal.TestInvoker.invokeTestMethods(TestInvoker.java:147)
at org.testng.internal.TestMethodWorker.invokeTestMethods(TestMethodWorker.java:146)
at org.testng.internal.TestMethodWorker.run(TestMethodWorker.java:128)
at java.base/java.util.ArrayList.forEach(ArrayList.java:1511)
at org.testng.TestRunner.privateRun(TestRunner.java:764)
at org.testng.TestRunner.run(TestRunner.java:585)
at org.testng.SuiteRunner.runTest(SuiteRunner.java:384)
at org.testng.SuiteRunner.runSequentially(SuiteRunner.java:378)
at org.testng.SuiteRunner.privateRun(SuiteRunner.java:337)
at org.testng.SuiteRunner.run(SuiteRunner.java:286)
at org.testng.SuiteRunnerWorker.runSuite(SuiteRunnerWorker.java:53)
at org.testng.SuiteRunnerWorker.run(SuiteRunnerWorker.java:96)
at org.testng.TestNG.runSuitesSequentially(TestNG.java:1218)
at org.testng.TestNG.runSuitesLocally(TestNG.java:1140)
at org.testng.TestNG.runSuites(TestNG.java:1069)
at org.testng.TestNG.run(TestNG.java:1037)
at org.testng.remote.AbstractRemoteTestNG.run(AbstractRemoteTestNG.java:115)
at org.testng.remote.RemoteTestNG.initAndRun(RemoteTestNG.java:251)
at org.testng.remote.RemoteTestNG.main(RemoteTestNG.java:77)
]]>
    </failure>
  </testcase> <!-- @BeforeMethod setUpBrowser -->
  <testcase classname="com.dollardays.testcases.BaseTest" name="@AfterMethod quit" time="-1.611455870914E9">
    <skipped/>
  </testcase> <!-- @AfterMethod quit -->
  <testcase classname="com.dollardays.testcases.BaseTest" name="@BeforeMethod setUpBrowser" time="-1.611455870918E9">
    <skipped/>
  </testcase> <!-- @BeforeMethod setUpBrowser -->
  <testcase classname="com.dollardays.testcases.BaseTest" name="@AfterMethod quit" time="-1.611455870925E9">
    <skipped/>
  </testcase> <!-- @AfterMethod quit -->
  <testcase classname="com.dollardays.testcases.BaseTest" name="@BeforeMethod setUpBrowser" time="-1.611455870934E9">
    <skipped/>
  </testcase> <!-- @BeforeMethod setUpBrowser -->
  <testcase classname="com.dollardays.testcases.BaseTest" name="@AfterMethod quit" time="-1.611455870941E9">
    <skipped/>
  </testcase> <!-- @AfterMethod quit -->
  <testcase classname="com.dollardays.testcases.BaseTest" name="@BeforeMethod setUpBrowser" time="-1.611455870959E9">
    <skipped/>
  </testcase> <!-- @BeforeMethod setUpBrowser -->
  <testcase classname="com.dollardays.testcases.BaseTest" name="@AfterMethod quit" time="-1.611455870965E9">
    <skipped/>
  </testcase> <!-- @AfterMethod quit -->
  <testcase classname="com.dollardays.testcases.BaseTest" name="@BeforeMethod setUpBrowser" time="-1.611455870966E9">
    <skipped/>
  </testcase> <!-- @BeforeMethod setUpBrowser -->
  <testcase classname="com.dollardays.testcases.BaseTest" name="@AfterMethod quit" time="-1.611455870986E9">
    <skipped/>
  </testcase> <!-- @AfterMethod quit -->
  <testcase classname="com.dollardays.testcases.BaseTest" name="@BeforeMethod setUpBrowser" time="-1.611455870993E9">
    <skipped/>
  </testcase> <!-- @BeforeMethod setUpBrowser -->
  <testcase classname="com.dollardays.testcases.BaseTest" name="@AfterMethod quit" time="-1.611455871006E9">
    <skipped/>
  </testcase> <!-- @AfterMethod quit -->
  <testcase classname="com.dollardays.testcases.BaseTest" name="@BeforeMethod setUpBrowser" time="-1.611455871008E9">
    <skipped/>
  </testcase> <!-- @BeforeMethod setUpBrowser -->
  <testcase classname="com.dollardays.testcases.BaseTest" name="@AfterMethod quit" time="-1.611455871013E9">
    <skipped/>
  </testcase> <!-- @AfterMethod quit -->
  <testcase classname="com.dollardays.testcases.BaseTest" name="@BeforeMethod setUpBrowser" time="-1.611455871016E9">
    <skipped/>
  </testcase> <!-- @BeforeMethod setUpBrowser -->
  <testcase classname="com.dollardays.testcases.BaseTest" name="@AfterMethod quit" time="-1.611455871035E9">
    <skipped/>
  </testcase> <!-- @AfterMethod quit -->
  <testcase classname="com.dollardays.testcases.BaseTest" name="@BeforeMethod setUpBrowser" time="-1.611455871038E9">
    <skipped/>
  </testcase> <!-- @BeforeMethod setUpBrowser -->
  <testcase classname="com.dollardays.testcases.BaseTest" name="@AfterMethod quit" time="-1.611455871045E9">
    <skipped/>
  </testcase> <!-- @AfterMethod quit -->
  <testcase classname="com.dollardays.testcases.MT" name="@AfterClass afterClass" time="-1.611455871047E9">
    <skipped/>
  </testcase> <!-- @AfterClass afterClass -->
  <testcase classname="com.dollardays.testcases.BaseTest" name="@BeforeMethod setUpBrowser" time="0.012">
    <failure type="java.lang.Exception" message="Driver Not Found">
      <![CDATA[java.lang.Exception: Driver Not Found
at com.dollardays.testcases.BaseTest.openBrowser(BaseTest.java:95)
at com.dollardays.testcases.BaseTest.setUpBrowser(BaseTest.java:117)
at java.base/jdk.internal.reflect.NativeMethodAccessorImpl.invoke0(Native Method)
at java.base/jdk.internal.reflect.NativeMethodAccessorImpl.invoke(NativeMethodAccessorImpl.java:62)
at java.base/jdk.internal.reflect.DelegatingMethodAccessorImpl.invoke(DelegatingMethodAccessorImpl.java:43)
at java.base/java.lang.reflect.Method.invoke(Method.java:564)
at org.testng.internal.MethodInvocationHelper.invokeMethod(MethodInvocationHelper.java:132)
at org.testng.internal.MethodInvocationHelper.invokeMethodConsideringTimeout(MethodInvocationHelper.java:61)
at org.testng.internal.ConfigInvoker.invokeConfigurationMethod(ConfigInvoker.java:366)
at org.testng.internal.ConfigInvoker.invokeConfigurations(ConfigInvoker.java:320)
at org.testng.internal.TestInvoker.runConfigMethods(TestInvoker.java:701)
at org.testng.internal.TestInvoker.invokeMethod(TestInvoker.java:527)
at org.testng.internal.TestInvoker.invokeTestMethod(TestInvoker.java:174)
at org.testng.internal.MethodRunner.runInSequence(MethodRunner.java:46)
at org.testng.internal.TestInvoker$MethodInvocationAgent.invoke(TestInvoker.java:822)
at org.testng.internal.TestInvoker.invokeTestMethods(TestInvoker.java:147)
at org.testng.internal.TestMethodWorker.invokeTestMethods(TestMethodWorker.java:146)
at org.testng.internal.TestMethodWorker.run(TestMethodWorker.java:128)
at java.base/java.util.ArrayList.forEach(ArrayList.java:1511)
at org.testng.TestRunner.privateRun(TestRunner.java:764)
at org.testng.TestRunner.run(TestRunner.java:585)
at org.testng.SuiteRunner.runTest(SuiteRunner.java:384)
at org.testng.SuiteRunner.runSequentially(SuiteRunner.java:378)
at org.testng.SuiteRunner.privateRun(SuiteRunner.java:337)
at org.testng.SuiteRunner.run(SuiteRunner.java:286)
at org.testng.SuiteRunnerWorker.runSuite(SuiteRunnerWorker.java:53)
at org.testng.SuiteRunnerWorker.run(SuiteRunnerWorker.java:96)
at org.testng.TestNG.runSuitesSequentially(TestNG.java:1218)
at org.testng.TestNG.runSuitesLocally(TestNG.java:1140)
at org.testng.TestNG.runSuites(TestNG.java:1069)
at org.testng.TestNG.run(TestNG.java:1037)
at org.testng.remote.AbstractRemoteTestNG.run(AbstractRemoteTestNG.java:115)
at org.testng.remote.RemoteTestNG.initAndRun(RemoteTestNG.java:251)
at org.testng.remote.RemoteTestNG.main(RemoteTestNG.java:77)
]]>
    </failure>
  </testcase> <!-- @BeforeMethod setUpBrowser -->
  <testcase classname="com.dollardays.testcases.BaseTest" name="@AfterMethod quit" time="-1.611455871069E9">
    <skipped/>
  </testcase> <!-- @AfterMethod quit -->
  <testcase classname="com.dollardays.testcases.MT" name="@AfterClass afterClass" time="-1.611455871071E9">
    <skipped/>
  </testcase> <!-- @AfterClass afterClass -->
  <testcase classname="com.dollardays.testcases.BaseTest" name="@BeforeMethod setUpBrowser" time="0.017">
    <failure type="java.lang.Exception" message="Driver Not Found">
      <![CDATA[java.lang.Exception: Driver Not Found
at com.dollardays.testcases.BaseTest.openBrowser(BaseTest.java:95)
at com.dollardays.testcases.BaseTest.setUpBrowser(BaseTest.java:117)
at java.base/jdk.internal.reflect.NativeMethodAccessorImpl.invoke0(Native Method)
at java.base/jdk.internal.reflect.NativeMethodAccessorImpl.invoke(NativeMethodAccessorImpl.java:62)
at java.base/jdk.internal.reflect.DelegatingMethodAccessorImpl.invoke(DelegatingMethodAccessorImpl.java:43)
at java.base/java.lang.reflect.Method.invoke(Method.java:564)
at org.testng.internal.MethodInvocationHelper.invokeMethod(MethodInvocationHelper.java:132)
at org.testng.internal.MethodInvocationHelper.invokeMethodConsideringTimeout(MethodInvocationHelper.java:61)
at org.testng.internal.ConfigInvoker.invokeConfigurationMethod(ConfigInvoker.java:366)
at org.testng.internal.ConfigInvoker.invokeConfigurations(ConfigInvoker.java:320)
at org.testng.internal.TestInvoker.runConfigMethods(TestInvoker.java:701)
at org.testng.internal.TestInvoker.invokeMethod(TestInvoker.java:527)
at org.testng.internal.TestInvoker.invokeTestMethod(TestInvoker.java:174)
at org.testng.internal.MethodRunner.runInSequence(MethodRunner.java:46)
at org.testng.internal.TestInvoker$MethodInvocationAgent.invoke(TestInvoker.java:822)
at org.testng.internal.TestInvoker.invokeTestMethods(TestInvoker.java:147)
at org.testng.internal.TestMethodWorker.invokeTestMethods(TestMethodWorker.java:146)
at org.testng.internal.TestMethodWorker.run(TestMethodWorker.java:128)
at java.base/java.util.ArrayList.forEach(ArrayList.java:1511)
at org.testng.TestRunner.privateRun(TestRunner.java:764)
at org.testng.TestRunner.run(TestRunner.java:585)
at org.testng.SuiteRunner.runTest(SuiteRunner.java:384)
at org.testng.SuiteRunner.runSequentially(SuiteRunner.java:378)
at org.testng.SuiteRunner.privateRun(SuiteRunner.java:337)
at org.testng.SuiteRunner.run(SuiteRunner.java:286)
at org.testng.SuiteRunnerWorker.runSuite(SuiteRunnerWorker.java:53)
at org.testng.SuiteRunnerWorker.run(SuiteRunnerWorker.java:96)
at org.testng.TestNG.runSuitesSequentially(TestNG.java:1218)
at org.testng.TestNG.runSuitesLocally(TestNG.java:1140)
at org.testng.TestNG.runSuites(TestNG.java:1069)
at org.testng.TestNG.run(TestNG.java:1037)
at org.testng.remote.AbstractRemoteTestNG.run(AbstractRemoteTestNG.java:115)
at org.testng.remote.RemoteTestNG.initAndRun(RemoteTestNG.java:251)
at org.testng.remote.RemoteTestNG.main(RemoteTestNG.java:77)
]]>
    </failure>
  </testcase> <!-- @BeforeMethod setUpBrowser -->
  <testcase classname="com.dollardays.testcases.BaseTest" name="@AfterMethod quit" time="-1.611455871186E9">
    <skipped/>
  </testcase> <!-- @AfterMethod quit -->
  <testcase classname="com.dollardays.testcases.BaseTest" name="@BeforeMethod setUpBrowser" time="-1.611455871248E9">
    <skipped/>
  </testcase> <!-- @BeforeMethod setUpBrowser -->
  <testcase classname="com.dollardays.testcases.BaseTest" name="@AfterMethod quit" time="-1.611455871251E9">
    <skipped/>
  </testcase> <!-- @AfterMethod quit -->
  <testcase classname="com.dollardays.testcases.BaseTest" name="@BeforeMethod setUpBrowser" time="-1.611455871301E9">
    <skipped/>
  </testcase> <!-- @BeforeMethod setUpBrowser -->
  <testcase classname="com.dollardays.testcases.BaseTest" name="@AfterMethod quit" time="-1.611455871324E9">
    <skipped/>
  </testcase> <!-- @AfterMethod quit -->
  <testcase classname="com.dollardays.testcases.MT" name="@AfterClass afterClass" time="-1.611455871325E9">
    <skipped/>
  </testcase> <!-- @AfterClass afterClass -->
  <testcase classname="com.dollardays.testcases.BaseTest" name="@BeforeMethod setUpBrowser" time="0.008">
    <failure type="java.lang.Exception" message="Driver Not Found">
      <![CDATA[java.lang.Exception: Driver Not Found
at com.dollardays.testcases.BaseTest.openBrowser(BaseTest.java:95)
at com.dollardays.testcases.BaseTest.setUpBrowser(BaseTest.java:117)
at java.base/jdk.internal.reflect.NativeMethodAccessorImpl.invoke0(Native Method)
at java.base/jdk.internal.reflect.NativeMethodAccessorImpl.invoke(NativeMethodAccessorImpl.java:62)
at java.base/jdk.internal.reflect.DelegatingMethodAccessorImpl.invoke(DelegatingMethodAccessorImpl.java:43)
at java.base/java.lang.reflect.Method.invoke(Method.java:564)
at org.testng.internal.MethodInvocationHelper.invokeMethod(MethodInvocationHelper.java:132)
at org.testng.internal.MethodInvocationHelper.invokeMethodConsideringTimeout(MethodInvocationHelper.java:61)
at org.testng.internal.ConfigInvoker.invokeConfigurationMethod(ConfigInvoker.java:366)
at org.testng.internal.ConfigInvoker.invokeConfigurations(ConfigInvoker.java:320)
at org.testng.internal.TestInvoker.runConfigMethods(TestInvoker.java:701)
at org.testng.internal.TestInvoker.invokeMethod(TestInvoker.java:527)
at org.testng.internal.TestInvoker.invokeTestMethod(TestInvoker.java:174)
at org.testng.internal.MethodRunner.runInSequence(MethodRunner.java:46)
at org.testng.internal.TestInvoker$MethodInvocationAgent.invoke(TestInvoker.java:822)
at org.testng.internal.TestInvoker.invokeTestMethods(TestInvoker.java:147)
at org.testng.internal.TestMethodWorker.invokeTestMethods(TestMethodWorker.java:146)
at org.testng.internal.TestMethodWorker.run(TestMethodWorker.java:128)
at java.base/java.util.ArrayList.forEach(ArrayList.java:1511)
at org.testng.TestRunner.privateRun(TestRunner.java:764)
at org.testng.TestRunner.run(TestRunner.java:585)
at org.testng.SuiteRunner.runTest(SuiteRunner.java:384)
at org.testng.SuiteRunner.runSequentially(SuiteRunner.java:378)
at org.testng.SuiteRunner.privateRun(SuiteRunner.java:337)
at org.testng.SuiteRunner.run(SuiteRunner.java:286)
at org.testng.SuiteRunnerWorker.runSuite(SuiteRunnerWorker.java:53)
at org.testng.SuiteRunnerWorker.run(SuiteRunnerWorker.java:96)
at org.testng.TestNG.runSuitesSequentially(TestNG.java:1218)
at org.testng.TestNG.runSuitesLocally(TestNG.java:1140)
at org.testng.TestNG.runSuites(TestNG.java:1069)
at org.testng.TestNG.run(TestNG.java:1037)
at org.testng.remote.AbstractRemoteTestNG.run(AbstractRemoteTestNG.java:115)
at org.testng.remote.RemoteTestNG.initAndRun(RemoteTestNG.java:251)
at org.testng.remote.RemoteTestNG.main(RemoteTestNG.java:77)
]]>
    </failure>
  </testcase> <!-- @BeforeMethod setUpBrowser -->
  <testcase classname="com.dollardays.testcases.BaseTest" name="@AfterMethod quit" time="-1.611455871472E9">
    <skipped/>
  </testcase> <!-- @AfterMethod quit -->
  <testcase classname="com.dollardays.testcases.MT" name="@AfterClass afterClass" time="-1.611455871474E9">
    <skipped/>
  </testcase> <!-- @AfterClass afterClass -->
  <testcase classname="com.dollardays.testcases.TC_ClickViewDropDown_005" name="loginTest" time="12.299"/>
  <testcase classname="com.dollardays.testcases.DefaultPaymentMethodScript" name="VerifyDCEditClick" time="0.0">
    <skipped/>
  </testcase> <!-- VerifyDCEditClick -->
  <testcase classname="com.dollardays.testcases.DefaultPaymentMethodScript" name="VerifyCardVisible" time="0.0">
    <skipped/>
  </testcase> <!-- VerifyCardVisible -->
  <testcase classname="com.dollardays.testcases.DefaultPaymentMethodScript" name="VerifyClickAddNewCard" time="0.0">
    <skipped/>
  </testcase> <!-- VerifyClickAddNewCard -->
  <testcase classname="com.dollardays.testcases.DefaultPaymentMethodScript" name="VerifySetDefaultCard" time="0.0">
    <skipped/>
  </testcase> <!-- VerifySetDefaultCard -->
  <testcase classname="com.dollardays.testcases.DefaultPaymentMethodScript" name="VerifyEditOnCard" time="0.0">
    <skipped/>
  </testcase> <!-- VerifyEditOnCard -->
  <testcase classname="com.dollardays.testcases.DefaultPaymentMethodScript" name="VerifyDeleteCard" time="0.0">
    <skipped/>
  </testcase> <!-- VerifyDeleteCard -->
  <testcase classname="com.dollardays.testcases.TC_GetURLTest_001" name="loginTest" time="5.656"/>
  <testcase classname="com.dollardays.testcases.EmailPreferencesValidationsTestCase" name="emailPreferences_UserEmailAddressValidation" time="0.0">
    <skipped/>
  </testcase> <!-- emailPreferences_UserEmailAddressValidation -->
  <testcase classname="com.dollardays.testcases.EmailPreferencesValidationsTestCase" name="emailPreferences_Checkbox_Validation_AtPageLaunch" time="0.0">
    <skipped/>
  </testcase> <!-- emailPreferences_Checkbox_Validation_AtPageLaunch -->
  <testcase classname="com.dollardays.testcases.EmailPreferencesValidationsTestCase" name="emailPreferences_checkbox_validation_AtClick" time="0.0">
    <skipped/>
  </testcase> <!-- emailPreferences_checkbox_validation_AtClick -->
  <testcase classname="com.dollardays.testcases.EmailPreferencesValidationsTestCase" name="EmailPreferences_LinksValidation" time="0.0">
    <skipped/>
  </testcase> <!-- EmailPreferences_LinksValidation -->
  <testcase classname="com.dollardays.testcases.EmailPreferencesValidationsTestCase" name="termAndConditionsPage_LinksValidation" time="0.0">
    <skipped/>
  </testcase> <!-- termAndConditionsPage_LinksValidation -->
  <testcase classname="com.dollardays.testcases.TC_ClickSortByDropDown_004" name="loginTest" time="10.78"/>
  <testcase classname="com.dollardays.testcases.Team2TaxExemptTestCase" name="ValidateTaxExemptRequiredFields" time="0.0">
    <skipped/>
  </testcase> <!-- ValidateTaxExemptRequiredFields -->
  <testcase classname="com.dollardays.testcases.Team2TaxExemptTestCase" name="ValidateTaxExemptRequiredFields" time="0.0">
    <skipped/>
  </testcase> <!-- ValidateTaxExemptRequiredFields -->
  <testcase classname="com.dollardays.testcases.Team2TaxExemptTestCase" name="ValidateTaxExemptRequiredFields" time="0.0">
    <skipped/>
  </testcase> <!-- ValidateTaxExemptRequiredFields -->
  <testcase classname="com.dollardays.testcases.Team2TaxExemptTestCase" name="ValidateTaxExemptRequiredFields" time="0.0">
    <skipped/>
  </testcase> <!-- ValidateTaxExemptRequiredFields -->
  <testcase classname="com.dollardays.testcases.Team2TaxExemptTestCase" name="ValidateTaxExemptRequiredFields" time="0.0">
    <skipped/>
  </testcase> <!-- ValidateTaxExemptRequiredFields -->
  <testcase classname="com.dollardays.testcases.Team2TaxExemptTestCase" name="ValidateTaxExemptRequiredFields" time="0.0">
    <skipped/>
  </testcase> <!-- ValidateTaxExemptRequiredFields -->
  <testcase classname="com.dollardays.testcases.Team2TaxExemptTestCase" name="ValidateTaxExemptRequiredFields" time="0.0">
    <skipped/>
  </testcase> <!-- ValidateTaxExemptRequiredFields -->
  <testcase classname="com.dollardays.testcases.Team2TaxExemptTestCase" name="ValidateTaxExemptRequiredFields" time="0.0">
    <skipped/>
  </testcase> <!-- ValidateTaxExemptRequiredFields -->
  <testcase classname="com.dollardays.testcases.Team2TaxExemptTestCase" name="ValidateTaxExemptRequiredFields" time="0.0">
    <skipped/>
  </testcase> <!-- ValidateTaxExemptRequiredFields -->
  <testcase classname="com.dollardays.testcases.ExamleTestcase" name="login" time="0.0">
    <skipped/>
  </testcase> <!-- login -->
  <testcase classname="com.dollardays.testcases.SearchTestcase" name="TC_01_searchWithValidDta" time="0.0">
    <skipped/>
  </testcase> <!-- TC_01_searchWithValidDta -->
  <testcase classname="com.dollardays.testcases.SearchTestcase" name="TC_02_searchWithInvalidDta" time="0.0">
    <skipped/>
  </testcase> <!-- TC_02_searchWithInvalidDta -->
  <testcase classname="com.dollardays.testcases.SearchTestcase" name="TC_03_searchPageWithNavigationLinks" time="0.0">
    <skipped/>
  </testcase> <!-- TC_03_searchPageWithNavigationLinks -->
  <testcase classname="com.dollardays.testcases.ExampleSearchTestcase" name="search" time="0.001">
    <skipped/>
  </testcase> <!-- search -->
  <testcase classname="com.dollardays.testcases.TC_ClickFavorite_003" name="loginTest" time="11.467"/>
  <testcase classname="com.dollardays.testcases.TC_ClickItem_006" name="loginTest" time="22.905"/>
  <testcase classname="com.dollardays.testcases.TC_SignIn_002" name="loginTest" time="8.41"/>
  <testcase classname="com.dollardays.testcases.TC_AddToCart_008" name="loginTest" time="13.511"/>
  <testcase classname="com.dollardays.testcases.TC_GetItemDescription_007" name="loginTest" time="13.918"/>
  <testcase classname="com.dollardays.testcases.LoginTestcase" name="invokeLogin" time="0.0">
    <skipped/>
  </testcase> <!-- invokeLogin -->
</testsuite> <!-- Default test -->
